This is pdfTeX, Version 3.14159265-2.6-1.40.16 (TeX Live 2015) (preloaded format=pdflatex 2015.5.24)  30 SEP 2015 07:11
entering extended mode
 restricted \write18 enabled.
 %&-line parsing enabled.
**ServerSecurityResearch.tex
(./ServerSecurityResearch.tex
LaTeX2e <2015/01/01>
Babel <3.9l> and hyphenation patterns for 79 languages loaded.
(/usr/local/texlive/2015/texmf-dist/tex/latex/base/article.cls
Document Class: article 2014/09/29 v1.4h Standard LaTeX document class
(/usr/local/texlive/2015/texmf-dist/tex/latex/base/size10.clo
File: size10.clo 2014/09/29 v1.4h Standard LaTeX file (size option)
)
\c@part=\count79
\c@section=\count80
\c@subsection=\count81
\c@subsubsection=\count82
\c@paragraph=\count83
\c@subparagraph=\count84
\c@figure=\count85
\c@table=\count86
\abovecaptionskip=\skip41
\belowcaptionskip=\skip42
\bibindent=\dimen102
)
(/usr/local/texlive/2015/texmf-dist/tex/latex/url/url.sty
\Urlmuskip=\muskip10
Package: url 2013/09/16  ver 3.4  Verb mode for urls, etc.
)
(/usr/local/texlive/2015/texmf-dist/tex/latex/enumitem/enumitem.sty
Package: enumitem 2011/09/28 v3.5.2 Customized lists
\enitkv@toks@=\toks14
\labelindent=\skip43
\enit@outerparindent=\dimen103
\enit@toks=\toks15
\enit@inbox=\box26
\enitdp@description=\count87
)
(./ServerSecurityResearch.aux)
\openout1 = `ServerSecurityResearch.aux'.

LaTeX Font Info:    Checking defaults for OML/cmm/m/it on input line 6.
LaTeX Font Info:    ... okay on input line 6.
LaTeX Font Info:    Checking defaults for T1/cmr/m/n on input line 6.
LaTeX Font Info:    ... okay on input line 6.
LaTeX Font Info:    Checking defaults for OT1/cmr/m/n on input line 6.
LaTeX Font Info:    ... okay on input line 6.
LaTeX Font Info:    Checking defaults for OMS/cmsy/m/n on input line 6.
LaTeX Font Info:    ... okay on input line 6.
LaTeX Font Info:    Checking defaults for OMX/cmex/m/n on input line 6.
LaTeX Font Info:    ... okay on input line 6.
LaTeX Font Info:    Checking defaults for U/cmr/m/n on input line 6.
LaTeX Font Info:    ... okay on input line 6.
LaTeX Font Info:    External font `cmex10' loaded for size
(Font)              <12> on input line 11.
LaTeX Font Info:    External font `cmex10' loaded for size
(Font)              <8> on input line 11.
LaTeX Font Info:    External font `cmex10' loaded for size
(Font)              <6> on input line 11.

Overfull \hbox (13.66801pt too wide) in paragraph at lines 13--13
[]\OT1/cmr/bx/n/14.4 Apple's iMes-sage En-cryp-tion and Cer-tifi-cate Trans-
 []

[1

{/usr/local/texlive/2015/texmf-var/fonts/map/pdftex/updmap/pdftex.map}]
[2] (./ServerSecurityResearch.bbl
LaTeX Font Info:    External font `cmex10' loaded for size
(Font)              <7> on input line 7.
LaTeX Font Info:    External font `cmex10' loaded for size
(Font)              <5> on input line 7.

Underfull \hbox (badness 10000) in paragraph at lines 4--8
[]\OT1/cmr/m/n/10 M. Green, ``Let's talk about imes-sage (again).'' A Few
 []


Underfull \hbox (badness 10000) in paragraph at lines 4--8
\OT1/cmr/m/n/10 Thoughts on Cryp-to-graphic En-gi-neer-ing, Blog, 2014.
 []


Underfull \hbox (badness 10000) in paragraph at lines 4--8
\OT1/cmtt/m/n/10 http : / / blog . cryptographyengineering . com / 2015 / 09 /
 []


Underfull \hbox (badness 1019) in paragraph at lines 14--16
[]\OT1/cmr/m/n/10 OpenSSL, ``Ssl and tsl pro-to-cols.'' Wiki, Un-known.  $\OT1/
cmtt/m/n/10 https : / / wiki .
 []


Underfull \hbox (badness 10000) in paragraph at lines 18--21
[]\OT1/cmr/m/n/10 Apple, ``Cryp-to-graphic ser-vices guide.'' Mac De-vel-oper L
i-
 []


Underfull \hbox (badness 10000) in paragraph at lines 18--21
\OT1/cmr/m/n/10 brary, 2014.  $\OT1/cmtt/m/n/10 https : / / developer . apple .
 com / library /
 []


Underfull \hbox (badness 10000) in paragraph at lines 18--21
\OT1/cmtt/m/n/10 mac / documentation / Security / Conceptual / cryptoservices /

 []


Underfull \hbox (badness 10000) in paragraph at lines 18--21
\OT1/cmtt/m/n/10 SecureNetworkCommunicationAPIs / SecureNetworkCommunicationAPI
s .
 []


Underfull \hbox (badness 10000) in paragraph at lines 23--27
[]\OT1/cmr/m/n/10 M. Green, ``Zero knowl-edge proofs: An il-lus-trated primer.'
'
 []


Underfull \hbox (badness 10000) in paragraph at lines 23--27
\OT1/cmr/m/n/10 A Few Thoughts on Cryp-to-graphic En-gi-neer-ing, Blog,
 []


Underfull \hbox (badness 10000) in paragraph at lines 23--27
\OT1/cmr/m/n/10 2014.  $\OT1/cmtt/m/n/10 http : / / blog . cryptographyengineer
ing . com / 2014 / 11 /
 []

) [3] (./ServerSecurityResearch.aux) ) 
Here is how much of TeX's memory you used:
 599 strings out of 493089
 8422 string characters out of 6134842
 64643 words of memory out of 5000000
 4147 multiletter control sequences out of 15000+600000
 7448 words of font info for 27 fonts, out of 8000000 for 9000
 1141 hyphenation exceptions out of 8191
 23i,6n,19p,1634b,365s stack positions out of 5000i,500n,10000p,200000b,80000s
</usr/local/texlive/2015/texmf-dist/fonts
/type1/public/amsfonts/cm/cmbx12.pfb></usr/local/texlive/2015/texmf-dist/fonts/
type1/public/amsfonts/cm/cmr10.pfb></usr/local/texlive/2015/texmf-dist/fonts/ty
pe1/public/amsfonts/cm/cmr12.pfb></usr/local/texlive/2015/texmf-dist/fonts/type
1/public/amsfonts/cm/cmr17.pfb></usr/local/texlive/2015/texmf-dist/fonts/type1/
public/amsfonts/cm/cmtt10.pfb>
Output written on ServerSecurityResearch.pdf (3 pages, 79001 bytes).
PDF statistics:
 34 PDF objects out of 1000 (max. 8388607)
 23 compressed objects within 1 object stream
 0 named destinations out of 1000 (max. 500000)
 1 words of extra memory for PDF output out of 10000 (max. 10000000)

